<?xml version="1.0" encoding="UTF-8"?>
<testsuite name="ejercicio2.Ejercicio2Test" tests="56" skipped="0" failures="0" errors="0" timestamp="2021-02-22T06:14:07" hostname="LAPTOP-4CABPQ75" time="0.007">
  <properties/>
  <testcase name="verify_date[0]" classname="ejercicio2.Ejercicio2Test" time="0.001"/>
  <testcase name="verify_date[1]" classname="ejercicio2.Ejercicio2Test" time="0.0"/>
  <testcase name="verify_date[2]" classname="ejercicio2.Ejercicio2Test" time="0.0"/>
  <testcase name="verify_date[3]" classname="ejercicio2.Ejercicio2Test" time="0.001"/>
  <testcase name="verify_date[4]" classname="ejercicio2.Ejercicio2Test" time="0.0"/>
  <testcase name="verify_date[5]" classname="ejercicio2.Ejercicio2Test" time="0.0"/>
  <testcase name="verify_date[6]" classname="ejercicio2.Ejercicio2Test" time="0.0"/>
  <testcase name="verify_date[7]" classname="ejercicio2.Ejercicio2Test" time="0.0"/>
  <testcase name="verify_date[8]" classname="ejercicio2.Ejercicio2Test" time="0.0"/>
  <testcase name="verify_date[9]" classname="ejercicio2.Ejercicio2Test" time="0.0"/>
  <testcase name="verify_date[10]" classname="ejercicio2.Ejercicio2Test" time="0.0"/>
  <testcase name="verify_date[11]" classname="ejercicio2.Ejercicio2Test" time="0.0"/>
  <testcase name="verify_date[12]" classname="ejercicio2.Ejercicio2Test" time="0.0"/>
  <testcase name="verify_date[13]" classname="ejercicio2.Ejercicio2Test" time="0.0"/>
  <testcase name="verify_date[14]" classname="ejercicio2.Ejercicio2Test" time="0.0"/>
  <testcase name="verify_date[15]" classname="ejercicio2.Ejercicio2Test" time="0.0"/>
  <testcase name="verify_date[16]" classname="ejercicio2.Ejercicio2Test" time="0.0"/>
  <testcase name="verify_date[17]" classname="ejercicio2.Ejercicio2Test" time="0.0"/>
  <testcase name="verify_date[18]" classname="ejercicio2.Ejercicio2Test" time="0.0"/>
  <testcase name="verify_date[19]" classname="ejercicio2.Ejercicio2Test" time="0.0"/>
  <testcase name="verify_date[20]" classname="ejercicio2.Ejercicio2Test" time="0.0"/>
  <testcase name="verify_date[21]" classname="ejercicio2.Ejercicio2Test" time="0.0"/>
  <testcase name="verify_date[22]" classname="ejercicio2.Ejercicio2Test" time="0.0"/>
  <testcase name="verify_date[23]" classname="ejercicio2.Ejercicio2Test" time="0.0"/>
  <testcase name="verify_date[24]" classname="ejercicio2.Ejercicio2Test" time="0.0"/>
  <testcase name="verify_date[25]" classname="ejercicio2.Ejercicio2Test" time="0.0"/>
  <testcase name="verify_date[26]" classname="ejercicio2.Ejercicio2Test" time="0.0"/>
  <testcase name="verify_date[27]" classname="ejercicio2.Ejercicio2Test" time="0.0"/>
  <testcase name="verify_date[28]" classname="ejercicio2.Ejercicio2Test" time="0.0"/>
  <testcase name="verify_date[29]" classname="ejercicio2.Ejercicio2Test" time="0.0"/>
  <testcase name="verify_date[30]" classname="ejercicio2.Ejercicio2Test" time="0.0"/>
  <testcase name="verify_date[31]" classname="ejercicio2.Ejercicio2Test" time="0.0"/>
  <testcase name="verify_date[32]" classname="ejercicio2.Ejercicio2Test" time="0.0"/>
  <testcase name="verify_date[33]" classname="ejercicio2.Ejercicio2Test" time="0.0"/>
  <testcase name="verify_date[34]" classname="ejercicio2.Ejercicio2Test" time="0.0"/>
  <testcase name="verify_date[35]" classname="ejercicio2.Ejercicio2Test" time="0.0"/>
  <testcase name="verify_date[36]" classname="ejercicio2.Ejercicio2Test" time="0.001"/>
  <testcase name="verify_date[37]" classname="ejercicio2.Ejercicio2Test" time="0.0"/>
  <testcase name="verify_date[38]" classname="ejercicio2.Ejercicio2Test" time="0.0"/>
  <testcase name="verify_date[39]" classname="ejercicio2.Ejercicio2Test" time="0.0"/>
  <testcase name="verify_date[40]" classname="ejercicio2.Ejercicio2Test" time="0.0"/>
  <testcase name="verify_date[41]" classname="ejercicio2.Ejercicio2Test" time="0.0"/>
  <testcase name="verify_date[42]" classname="ejercicio2.Ejercicio2Test" time="0.0"/>
  <testcase name="verify_date[43]" classname="ejercicio2.Ejercicio2Test" time="0.0"/>
  <testcase name="verify_date[44]" classname="ejercicio2.Ejercicio2Test" time="0.0"/>
  <testcase name="verify_date[45]" classname="ejercicio2.Ejercicio2Test" time="0.0"/>
  <testcase name="verify_date[46]" classname="ejercicio2.Ejercicio2Test" time="0.0"/>
  <testcase name="verify_date[47]" classname="ejercicio2.Ejercicio2Test" time="0.0"/>
  <testcase name="verify_date[48]" classname="ejercicio2.Ejercicio2Test" time="0.0"/>
  <testcase name="verify_date[49]" classname="ejercicio2.Ejercicio2Test" time="0.0"/>
  <testcase name="verify_date[50]" classname="ejercicio2.Ejercicio2Test" time="0.0"/>
  <testcase name="verify_date[51]" classname="ejercicio2.Ejercicio2Test" time="0.0"/>
  <testcase name="verify_date[52]" classname="ejercicio2.Ejercicio2Test" time="0.0"/>
  <testcase name="verify_date[53]" classname="ejercicio2.Ejercicio2Test" time="0.0"/>
  <testcase name="verify_date[54]" classname="ejercicio2.Ejercicio2Test" time="0.0"/>
  <testcase name="verify_date[55]" classname="ejercicio2.Ejercicio2Test" time="0.0"/>
  <system-out><![CDATA[]]></system-out>
  <system-err><![CDATA[]]></system-err>
</testsuite>
