<?xml version="1.0" encoding="UTF-8"?>
<testsuite name="calculadoraTest.DivTest" tests="6" skipped="0" failures="0" errors="0" timestamp="2021-02-22T06:13:58" hostname="LAPTOP-4CABPQ75" time="4.525">
  <properties/>
  <testcase name="divImpares" classname="calculadoraTest.DivTest" time="0.0"/>
  <testcase name="divPares" classname="calculadoraTest.DivTest" time="0.0"/>
  <testcase name="divImparesPares" classname="calculadoraTest.DivTest" time="0.0"/>
  <testcase name="divImpares" classname="calculadoraTest.DivTest" time="0.0"/>
  <testcase name="divPares" classname="calculadoraTest.DivTest" time="0.0"/>
  <testcase name="divImparesPares" classname="calculadoraTest.DivTest" time="0.0"/>
  <system-out><![CDATA[]]></system-out>
  <system-err><![CDATA[]]></system-err>
</testsuite>
