<?xml version="1.0" encoding="UTF-8"?>
<testsuite name="calculadoraTest.MultiTest" tests="6" skipped="0" failures="0" errors="0" timestamp="2021-02-22T06:13:58" hostname="LAPTOP-4CABPQ75" time="9.03">
  <properties/>
  <testcase name="multPares" classname="calculadoraTest.MultiTest" time="1.501"/>
  <testcase name="multImparesPares" classname="calculadoraTest.MultiTest" time="1.502"/>
  <testcase name="multImpares" classname="calculadoraTest.MultiTest" time="1.5"/>
  <testcase name="multPares" classname="calculadoraTest.MultiTest" time="1.502"/>
  <testcase name="multImparesPares" classname="calculadoraTest.MultiTest" time="1.5"/>
  <testcase name="multImpares" classname="calculadoraTest.MultiTest" time="1.503"/>
  <system-out><![CDATA[]]></system-out>
  <system-err><![CDATA[]]></system-err>
</testsuite>
