<?xml version="1.0" encoding="UTF-8"?>
<testsuite name="calculadoraPowerMockito.CalculadoraPowerMockTest" tests="1" skipped="0" failures="0" errors="0" timestamp="2021-02-22T06:13:57" hostname="LAPTOP-4CABPQ75" time="0.475">
  <properties/>
  <testcase name="verify_calculadora_power_mock" classname="calculadoraPowerMockito.CalculadoraPowerMockTest" time="0.475"/>
  <system-out><![CDATA[]]></system-out>
  <system-err><![CDATA[]]></system-err>
</testsuite>
