<?xml version="1.0" encoding="UTF-8"?>
<testsuite name="basicJunit.BasicJunit1" tests="5" skipped="2" failures="0" errors="0" timestamp="2021-02-22T06:13:57" hostname="LAPTOP-4CABPQ75" time="0.004">
  <properties/>
  <testcase name="verify_something2" classname="basicJunit.BasicJunit1" time="0.001"/>
  <testcase name="verify_something3" classname="basicJunit.BasicJunit1" time="0.0">
    <skipped/>
  </testcase>
  <testcase name="verify_something4" classname="basicJunit.BasicJunit1" time="0.001"/>
  <testcase name="verify_something5" classname="basicJunit.BasicJunit1" time="0.0">
    <skipped/>
  </testcase>
  <testcase name="verify_something" classname="basicJunit.BasicJunit1" time="0.0"/>
  <system-out><![CDATA[************BEFORE CLASS METHOD
--------->BEFORE METHOD
LOGICA DEL TEST 2
--------->AFTER METHOD
--------->BEFORE METHOD
LOGICA DEL TEST 4 - SPEED TEST
--------->AFTER METHOD
--------->BEFORE METHOD
LOGICA DEL TEST
--------->AFTER METHOD
************AFTER CLASS METHOD
]]></system-out>
  <system-err><![CDATA[]]></system-err>
</testsuite>
